{
	"start":	{
		"connected":	[{
				"socket":	5,
				"local_host":	"192.168.10.10",
				"local_port":	43666,
				"remote_host":	"192.168.11.10",
				"remote_port":	5201
			}],
		"version":	"iperf 3.9",
		"system_info":	"Linux fyp1 5.15.0-134-generic #145-Ubuntu SMP Wed Feb 12 20:08:39 UTC 2025 x86_64",
		"timestamp":	{
			"time":	"Mon, 10 Mar 2025 09:37:59 GMT",
			"timesecs":	1741599479
		},
		"connecting_to":	{
			"host":	"192.168.11.10",
			"port":	5201
		},
		"cookie":	"3bwnizhe22wxf4f6knwpjzdcs23kkmybzlhl",
		"tcp_mss_default":	1448,
		"sock_bufsize":	0,
		"sndbuf_actual":	16384,
		"rcvbuf_actual":	131072,
		"test_start":	{
			"protocol":	"TCP",
			"num_streams":	1,
			"blksize":	131072,
			"omit":	0,
			"duration":	10,
			"bytes":	0,
			"blocks":	0,
			"reverse":	0,
			"tos":	0
		}
	},
	"intervals":	[{
			"streams":	[{
					"socket":	5,
					"start":	0,
					"end":	1.000373,
					"seconds":	1.0003730058670044,
					"bytes":	409784,
					"bits_per_second":	3277049.6412573461,
					"retransmits":	0,
					"snd_cwnd":	69504,
					"rtt":	383545,
					"rttvar":	144535,
					"pmtu":	1500,
					"omitted":	false,
					"sender":	true
				}],
			"sum":	{
				"start":	0,
				"end":	1.000373,
				"seconds":	1.0003730058670044,
				"bytes":	409784,
				"bits_per_second":	3277049.6412573461,
				"retransmits":	0,
				"omitted":	false,
				"sender":	true
			}
		}, {
			"streams":	[{
					"socket":	5,
					"start":	1.000373,
					"end":	2.001183,
					"seconds":	1.0008100271224976,
					"bytes":	0,
					"bits_per_second":	0,
					"retransmits":	0,
					"snd_cwnd":	72400,
					"rtt":	868349,
					"rttvar":	142950,
					"pmtu":	1500,
					"omitted":	false,
					"sender":	true
				}],
			"sum":	{
				"start":	1.000373,
				"end":	2.001183,
				"seconds":	1.0008100271224976,
				"bytes":	0,
				"bits_per_second":	0,
				"retransmits":	0,
				"omitted":	false,
				"sender":	true
			}
		}, {
			"streams":	[{
					"socket":	5,
					"start":	2.001183,
					"end":	3.000929,
					"seconds":	0.999746024608612,
					"bytes":	156384,
					"bits_per_second":	1251389.8222198773,
					"retransmits":	0,
					"snd_cwnd":	76744,
					"rtt":	990067,
					"rttvar":	29096,
					"pmtu":	1500,
					"omitted":	false,
					"sender":	true
				}],
			"sum":	{
				"start":	2.001183,
				"end":	3.000929,
				"seconds":	0.999746024608612,
				"bytes":	156384,
				"bits_per_second":	1251389.8222198773,
				"retransmits":	0,
				"omitted":	false,
				"sender":	true
			}
		}, {
			"streams":	[{
					"socket":	5,
					"start":	3.000929,
					"end":	4.001131,
					"seconds":	1.000201940536499,
					"bytes":	0,
					"bits_per_second":	0,
					"retransmits":	0,
					"snd_cwnd":	81088,
					"rtt":	1032348,
					"rttvar":	14320,
					"pmtu":	1500,
					"omitted":	false,
					"sender":	true
				}],
			"sum":	{
				"start":	3.000929,
				"end":	4.001131,
				"seconds":	1.000201940536499,
				"bytes":	0,
				"bits_per_second":	0,
				"retransmits":	0,
				"omitted":	false,
				"sender":	true
			}
		}, {
			"streams":	[{
					"socket":	5,
					"start":	4.001131,
					"end":	5.001087,
					"seconds":	0.99995601177215576,
					"bytes":	195480,
					"bits_per_second":	1563908.7935763395,
					"retransmits":	0,
					"snd_cwnd":	92672,
					"rtt":	1080437,
					"rttvar":	16820,
					"pmtu":	1500,
					"omitted":	false,
					"sender":	true
				}],
			"sum":	{
				"start":	4.001131,
				"end":	5.001087,
				"seconds":	0.99995601177215576,
				"bytes":	195480,
				"bits_per_second":	1563908.7935763395,
				"retransmits":	0,
				"omitted":	false,
				"sender":	true
			}
		}, {
			"streams":	[{
					"socket":	5,
					"start":	5.001087,
					"end":	6.000571,
					"seconds":	0.99948400259017944,
					"bytes":	260640,
					"bits_per_second":	2086196.4719759163,
					"retransmits":	0,
					"snd_cwnd":	114392,
					"rtt":	1189901,
					"rttvar":	43813,
					"pmtu":	1500,
					"omitted":	false,
					"sender":	true
				}],
			"sum":	{
				"start":	5.001087,
				"end":	6.000571,
				"seconds":	0.99948400259017944,
				"bytes":	260640,
				"bits_per_second":	2086196.4719759163,
				"retransmits":	0,
				"omitted":	false,
				"sender":	true
			}
		}, {
			"streams":	[{
					"socket":	5,
					"start":	6.000571,
					"end":	7.001174,
					"seconds":	1.0006029605865479,
					"bytes":	0,
					"bits_per_second":	0,
					"retransmits":	0,
					"snd_cwnd":	147696,
					"rtt":	1369670,
					"rttvar":	73714,
					"pmtu":	1500,
					"omitted":	false,
					"sender":	true
				}],
			"sum":	{
				"start":	6.000571,
				"end":	7.001174,
				"seconds":	1.0006029605865479,
				"bytes":	0,
				"bits_per_second":	0,
				"retransmits":	0,
				"omitted":	false,
				"sender":	true
			}
		}, {
			"streams":	[{
					"socket":	5,
					"start":	7.001174,
					"end":	8.001097,
					"seconds":	0.9999229907989502,
					"bytes":	325800,
					"bits_per_second":	2606600.7322398457,
					"retransmits":	0,
					"snd_cwnd":	183896,
					"rtt":	1611160,
					"rttvar":	80144,
					"pmtu":	1500,
					"omitted":	false,
					"sender":	true
				}],
			"sum":	{
				"start":	7.001174,
				"end":	8.001097,
				"seconds":	0.9999229907989502,
				"bytes":	325800,
				"bits_per_second":	2606600.7322398457,
				"retransmits":	0,
				"omitted":	false,
				"sender":	true
			}
		}, {
			"streams":	[{
					"socket":	5,
					"start":	8.001097,
					"end":	9.000477,
					"seconds":	0.99937999248504639,
					"bytes":	456120,
					"bits_per_second":	3651223.7861862127,
					"retransmits":	0,
					"snd_cwnd":	220096,
					"rtt":	1928250,
					"rttvar":	111646,
					"pmtu":	1500,
					"omitted":	false,
					"sender":	true
				}],
			"sum":	{
				"start":	8.001097,
				"end":	9.000477,
				"seconds":	0.99937999248504639,
				"bytes":	456120,
				"bits_per_second":	3651223.7861862127,
				"retransmits":	0,
				"omitted":	false,
				"sender":	true
			}
		}, {
			"streams":	[{
					"socket":	5,
					"start":	9.000477,
					"end":	10.001202,
					"seconds":	1.0007250308990479,
					"bytes":	0,
					"bits_per_second":	0,
					"retransmits":	0,
					"snd_cwnd":	254848,
					"rtt":	2268297,
					"rttvar":	109194,
					"pmtu":	1500,
					"omitted":	false,
					"sender":	true
				}],
			"sum":	{
				"start":	9.000477,
				"end":	10.001202,
				"seconds":	1.0007250308990479,
				"bytes":	0,
				"bits_per_second":	0,
				"retransmits":	0,
				"omitted":	false,
				"sender":	true
			}
		}],
	"end":	{
		"streams":	[{
				"sender":	{
					"socket":	5,
					"start":	0,
					"end":	10.001202,
					"seconds":	10.001202,
					"bytes":	1804208,
					"bits_per_second":	1443192.9282100291,
					"retransmits":	0,
					"max_snd_cwnd":	254848,
					"max_rtt":	2268297,
					"min_rtt":	383545,
					"mean_rtt":	1272202,
					"sender":	true
				},
				"receiver":	{
					"socket":	5,
					"start":	0,
					"end":	13.568286,
					"seconds":	10.001202,
					"bytes":	960024,
					"bits_per_second":	566039.95523089648,
					"sender":	true
				}
			}],
		"sum_sent":	{
			"start":	0,
			"end":	10.001202,
			"seconds":	10.001202,
			"bytes":	1804208,
			"bits_per_second":	1443192.9282100291,
			"retransmits":	0,
			"sender":	true
		},
		"sum_received":	{
			"start":	0,
			"end":	13.568286,
			"seconds":	13.568286,
			"bytes":	960024,
			"bits_per_second":	566039.95523089648,
			"sender":	true
		},
		"cpu_utilization_percent":	{
			"host_total":	2.13217317220237,
			"host_user":	0.474901642879422,
			"host_system":	1.6572620545979138,
			"remote_total":	0.27114237249070483,
			"remote_user":	0.071092906007616752,
			"remote_system":	0.20005620578596109
		},
		"sender_tcp_congestion":	"cubic",
		"receiver_tcp_congestion":	"cubic"
	}
}
